Case #1: 144115363 644115331
Case #2: 133343270 731343230
Case #3: 13524 51324
Case #4: 10 10
Case #5: 122934895 922931845
Case #6: 140687092 940187062
Case #7: 193698193 993698131
Case #8: 999999999 999999999
Case #9: 171598404 971158404
Case #10: 113877323 813177323
Case #11: 119644154 915644114
Case #12: 16761682 86761621
Case #13: 0 0
Case #14: 122400250 542200210
Case #15: 200009029 990002020
Case #16: 174742259 974712254
Case #17: 370695574 970645573
Case #18: 226988077 986282077
Case #19: 9099999 9999990
Case #20: 117557192 917557112
